
Subcircuit summary:
Circuit 1: counter                         |Circuit 2: counter                         
-------------------------------------------|-------------------------------------------
sky130_fd_sc_hd__xor2_1 (2)                |sky130_fd_sc_hd__xor2_1 (2)                
sky130_fd_sc_hd__nand3_1 (1)               |sky130_fd_sc_hd__nand3_1 (1)               
sky130_fd_sc_hd__a21oi_1 (4)               |sky130_fd_sc_hd__a21oi_1 (4)               
sky130_fd_sc_hd__lpflow_inputiso0p_1 (1)   |sky130_fd_sc_hd__lpflow_inputiso0p_1 (1)   
sky130_fd_sc_hd__xnor2_1 (1)               |sky130_fd_sc_hd__xnor2_1 (1)               
sky130_fd_sc_hd__nand2_1 (3)               |sky130_fd_sc_hd__nand2_1 (3)               
sky130_fd_sc_hd__nor2_1 (4)                |sky130_fd_sc_hd__nor2_1 (4)                
sky130_fd_sc_hd__a41oi_1 (1)               |sky130_fd_sc_hd__a41oi_1 (1)               
sky130_fd_sc_hd__inv_1 (1)                 |sky130_fd_sc_hd__inv_1 (1)                 
sky130_fd_sc_hd__nor4b_1 (2)               |sky130_fd_sc_hd__nor4b_1 (2)               
sky130_fd_sc_hd__nand4_1 (1)               |sky130_fd_sc_hd__nand4_1 (1)               
sky130_fd_sc_hd__a31oi_1 (1)               |sky130_fd_sc_hd__a31oi_1 (1)               
sky130_fd_sc_hd__dfrtp_1 (8)               |sky130_fd_sc_hd__dfrtp_1 (8)               
Number of devices: 30                      |Number of devices: 30                      
Number of nets: 33                         |Number of nets: 33                         
---------------------------------------------------------------------------------------
NET mismatches: Class fragments follow (with fanout counts):
Circuit 1: counter                         |Circuit 2: counter                         

---------------------------------------------------------------------------------------
Net: clk                                   |Net: rst_n                                 
  sky130_fd_sc_hd__dfrtp_1/CLK = 8         |  sky130_fd_sc_hd__dfrtp_1/RESET_B = 8     
                                           |                                           
Net: rst_n                                 |Net: clk                                   
  sky130_fd_sc_hd__dfrtp_1/RESET_B = 8     |  sky130_fd_sc_hd__dfrtp_1/CLK = 8         
---------------------------------------------------------------------------------------

---------------------------------------------------------------------------------------
Net: count[7]                              |Net: count[7]                              
  sky130_fd_sc_hd__nand2_1/B = 1           |  sky130_fd_sc_hd__nand2_1/B = 1           
  sky130_fd_sc_hd__a31oi_1/B1 = 1          |  sky130_fd_sc_hd__a31oi_1/B1 = 1          
  sky130_fd_sc_hd__dfrtp_1/Q = 1           |  sky130_fd_sc_hd__dfrtp_1/Q = 1           
                                           |                                           
Net: count[5]                              |Net: count[5]                              
  sky130_fd_sc_hd__nand2_1/B = 1           |  sky130_fd_sc_hd__nand2_1/B = 1           
  sky130_fd_sc_hd__a21oi_1/B1 = 1          |  sky130_fd_sc_hd__a21oi_1/B1 = 1          
  sky130_fd_sc_hd__dfrtp_1/Q = 1           |  sky130_fd_sc_hd__dfrtp_1/Q = 1           
---------------------------------------------------------------------------------------

---------------------------------------------------------------------------------------
Net: count[4]                              |Net: count[4]                              
  sky130_fd_sc_hd__xor2_1/A = 1            |  sky130_fd_sc_hd__xor2_1/A = 1            
  sky130_fd_sc_hd__nand2_1/A = 1           |  sky130_fd_sc_hd__nand2_1/A = 1           
  sky130_fd_sc_hd__a21oi_1/A2 = 1          |  sky130_fd_sc_hd__a21oi_1/A2 = 1          
  sky130_fd_sc_hd__dfrtp_1/Q = 1           |  sky130_fd_sc_hd__dfrtp_1/Q = 1           
                                           |                                           
Net: count[3]                              |Net: count[3]                              
  sky130_fd_sc_hd__nand2_1/B = 1           |  sky130_fd_sc_hd__nand2_1/B = 1           
  sky130_fd_sc_hd__a41oi_1/B1 = 1          |  sky130_fd_sc_hd__a41oi_1/B1 = 1          
  sky130_fd_sc_hd__nand4_1/D = 1           |  sky130_fd_sc_hd__nand4_1/D = 1           
  sky130_fd_sc_hd__dfrtp_1/Q = 1           |  sky130_fd_sc_hd__dfrtp_1/Q = 1           
---------------------------------------------------------------------------------------

---------------------------------------------------------------------------------------
Net: _07_                                  |Net: _07_                                  
  sky130_fd_sc_hd__nor2_1/Y = 1            |  sky130_fd_sc_hd__nor2_1/Y = 1            
  sky130_fd_sc_hd__dfrtp_1/D = 1           |  sky130_fd_sc_hd__dfrtp_1/D = 1           
                                           |                                           
Net: _06_                                  |Net: _06_                                  
  sky130_fd_sc_hd__nor2_1/Y = 1            |  sky130_fd_sc_hd__nor2_1/Y = 1            
  sky130_fd_sc_hd__dfrtp_1/D = 1           |  sky130_fd_sc_hd__dfrtp_1/D = 1           
                                           |                                           
Net: _05_                                  |Net: _05_                                  
  sky130_fd_sc_hd__a21oi_1/Y = 1           |  sky130_fd_sc_hd__a21oi_1/Y = 1           
  sky130_fd_sc_hd__dfrtp_1/D = 1           |  sky130_fd_sc_hd__dfrtp_1/D = 1           
                                           |                                           
Net: _04_                                  |Net: _04_                                  
  sky130_fd_sc_hd__xor2_1/X = 1            |  sky130_fd_sc_hd__xor2_1/X = 1            
  sky130_fd_sc_hd__dfrtp_1/D = 1           |  sky130_fd_sc_hd__dfrtp_1/D = 1           
                                           |                                           
Net: _03_                                  |Net: _03_                                  
  sky130_fd_sc_hd__nor2_1/Y = 1            |  sky130_fd_sc_hd__nor2_1/Y = 1            
  sky130_fd_sc_hd__dfrtp_1/D = 1           |  sky130_fd_sc_hd__dfrtp_1/D = 1           
                                           |                                           
Net: _02_                                  |Net: _02_                                  
  sky130_fd_sc_hd__xnor2_1/Y = 1           |  sky130_fd_sc_hd__xnor2_1/Y = 1           
  sky130_fd_sc_hd__dfrtp_1/D = 1           |  sky130_fd_sc_hd__dfrtp_1/D = 1           
                                           |                                           
Net: _01_                                  |Net: _01_                                  
  sky130_fd_sc_hd__lpflow_inputiso0p_1/X = |  sky130_fd_sc_hd__lpflow_inputiso0p_1/X = 
  sky130_fd_sc_hd__dfrtp_1/D = 1           |  sky130_fd_sc_hd__dfrtp_1/D = 1           
                                           |                                           
Net: _00_                                  |Net: _00_                                  
  sky130_fd_sc_hd__xor2_1/X = 1            |  sky130_fd_sc_hd__xor2_1/X = 1            
  sky130_fd_sc_hd__dfrtp_1/D = 1           |  sky130_fd_sc_hd__dfrtp_1/D = 1           
---------------------------------------------------------------------------------------

---------------------------------------------------------------------------------------
Net: count[6]                              |Net: count[6]                              
  sky130_fd_sc_hd__nor4b_1/D_N = 1         |  sky130_fd_sc_hd__nor4b_1/D_N = 1         
  sky130_fd_sc_hd__a21oi_1/B1 = 1          |  sky130_fd_sc_hd__a21oi_1/B1 = 1          
  sky130_fd_sc_hd__nand2_1/A = 1           |  sky130_fd_sc_hd__nand2_1/A = 1           
  sky130_fd_sc_hd__a31oi_1/A2 = 1          |  sky130_fd_sc_hd__a31oi_1/A2 = 1          
  sky130_fd_sc_hd__dfrtp_1/Q = 1           |  sky130_fd_sc_hd__dfrtp_1/Q = 1           
                                           |                                           
Net: count[2]                              |Net: count[2]                              
  sky130_fd_sc_hd__xnor2_1/A = 1           |  sky130_fd_sc_hd__xnor2_1/A = 1           
  sky130_fd_sc_hd__nand2_1/A = 1           |  sky130_fd_sc_hd__nand2_1/A = 1           
  sky130_fd_sc_hd__a41oi_1/A4 = 1          |  sky130_fd_sc_hd__a41oi_1/A4 = 1          
  sky130_fd_sc_hd__nand4_1/C = 1           |  sky130_fd_sc_hd__nand4_1/C = 1           
  sky130_fd_sc_hd__dfrtp_1/Q = 1           |  sky130_fd_sc_hd__dfrtp_1/Q = 1           
                                           |                                           
Net: count[1]                              |Net: count[1]                              
  sky130_fd_sc_hd__nand3_1/C = 1           |  sky130_fd_sc_hd__nand3_1/C = 1           
  sky130_fd_sc_hd__a21oi_1/B1 = 1          |  sky130_fd_sc_hd__a21oi_1/B1 = 1          
  sky130_fd_sc_hd__a41oi_1/A3 = 1          |  sky130_fd_sc_hd__a41oi_1/A3 = 1          
  sky130_fd_sc_hd__nand4_1/B = 1           |  sky130_fd_sc_hd__nand4_1/B = 1           
  sky130_fd_sc_hd__dfrtp_1/Q = 1           |  sky130_fd_sc_hd__dfrtp_1/Q = 1           
---------------------------------------------------------------------------------------
DEVICE mismatches: Class fragments follow (with node fanout counts):
Circuit 1: counter                         |Circuit 2: counter                         

---------------------------------------------------------------------------------------
Instance: _49_                             |Instance: _49_                             
  D = 2                                    |  CLK = 8                                  
  Q = 5                                    |  D = 2                                    
  RESET_B = 8                              |  Q = 5                                    
  CLK = 8                                  |  RESET_B = 8                              
                                           |                                           
Instance: _45_                             |Instance: _45_                             
  D = 2                                    |  CLK = 8                                  
  Q = 5                                    |  D = 2                                    
  RESET_B = 8                              |  Q = 5                                    
  CLK = 8                                  |  RESET_B = 8                              
                                           |                                           
Instance: _44_                             |Instance: _44_                             
  D = 2                                    |  CLK = 8                                  
  Q = 5                                    |  D = 2                                    
  RESET_B = 8                              |  Q = 5                                    
  CLK = 8                                  |  RESET_B = 8                              
                                           |                                           
Instance: _43_                             |Instance: _43_                             
  D = 2                                    |  CLK = 8                                  
  Q = 6                                    |  D = 2                                    
  RESET_B = 8                              |  Q = 6                                    
  CLK = 8                                  |  RESET_B = 8                              
---------------------------------------------------------------------------------------

---------------------------------------------------------------------------------------
Instance: _46_                             |(no matching instance)                     
  D = 2                                    |                                           
  Q = 4                                    |                                           
  RESET_B = 8                              |                                           
  CLK = 8                                  |                                           
                                           |                                           
Instance: _47_                             |(no matching instance)                     
  D = 2                                    |                                           
  Q = 4                                    |                                           
  RESET_B = 8                              |                                           
  CLK = 8                                  |                                           
---------------------------------------------------------------------------------------

---------------------------------------------------------------------------------------
Instance: _48_                             |(no matching instance)                     
  D = 2                                    |                                           
  Q = 3                                    |                                           
  RESET_B = 8                              |                                           
  CLK = 8                                  |                                           
                                           |                                           
Instance: _50_                             |(no matching instance)                     
  D = 2                                    |                                           
  Q = 3                                    |                                           
  RESET_B = 8                              |                                           
  CLK = 8                                  |                                           
---------------------------------------------------------------------------------------

---------------------------------------------------------------------------------------
(no matching instance)                     |Instance: _46_                             
                                           |  CLK = 8                                  
                                           |  D = 2                                    
                                           |  Q = 4                                    
                                           |  RESET_B = 8                              
                                           |                                           
(no matching instance)                     |Instance: _47_                             
                                           |  CLK = 8                                  
                                           |  D = 2                                    
                                           |  Q = 4                                    
                                           |  RESET_B = 8                              
---------------------------------------------------------------------------------------

---------------------------------------------------------------------------------------
(no matching instance)                     |Instance: _48_                             
                                           |  CLK = 8                                  
                                           |  D = 2                                    
                                           |  Q = 3                                    
                                           |  RESET_B = 8                              
                                           |                                           
(no matching instance)                     |Instance: _50_                             
                                           |  CLK = 8                                  
                                           |  D = 2                                    
                                           |  Q = 3                                    
                                           |  RESET_B = 8                              
---------------------------------------------------------------------------------------
Netlists do not match.
Netlists do not match.
